0 silly input [ 'publish' ]
1 silly flags { _: [ 'publish' ], 'reject-cycles': false, rejectCycles: false }
2 verbose rootPath /Users/pearllatteier/projects/better-img-components
3 info version 2.11.0
4 silly isInitialized
5 silly isInitialized true
6 silly existsSync /Users/pearllatteier/projects/better-img-components/VERSION
7 silly initialize attempt
8 info current version 1.2.1
9 silly isDetachedHead
10 silly getCurrentBranch
11 verbose getCurrentBranch master
12 verbose isDetachedHead false
13 silly getCurrentBranch
14 verbose getCurrentBranch master
15 silly getUpdates
16 info Checking for updated packages...
17 silly hasTags
18 verbose hasTags false
19 info Comparing with initial commit.
20 verbose updated @pearlbea/better-img-polymer
21 verbose updated @pearlbea/better-img
22 info Checking for prereleased packages...
23 silly collectDependents
24 silly isPackageDependentOf @pearlbea/better-img-polymer @pearlbea/better-img-polymer
25 silly isPackageDependentOf @pearlbea/better-img-polymer @pearlbea/better-img
26 silly isPackageDependentOf @pearlbea/better-img @pearlbea/better-img-polymer
27 silly isPackageDependentOf @pearlbea/better-img @pearlbea/better-img
28 silly collectUpdates
29 verbose has filtered update @pearlbea/better-img-polymer
30 verbose has filtered update @pearlbea/better-img
31 silly initialize success
32 silly execute attempt
33 silly addFile /Users/pearllatteier/projects/better-img-components/lerna.json
34 silly runScriptSync preversion undefined
35 silly runScriptSync preversion @pearlbea/better-img-polymer
36 silly runScriptSync version @pearlbea/better-img-polymer
37 silly runScriptSync preversion @pearlbea/better-img
38 silly runScriptSync version @pearlbea/better-img
39 silly runScriptSync version undefined
40 silly addFile /Users/pearllatteier/projects/better-img-components/packages/better-img-polymer/package.json
41 silly addFile /Users/pearllatteier/projects/better-img-components/packages/better-img/package.json
42 error execute caught error
43 error Error: fatal: Pathspec 'packages/better-img/package.json' is in submodule 'packages/better-img'
43 error
43 error     at Function.module.exports.sync (/Users/pearllatteier/.nvm/versions/node/v9.3.0/lib/node_modules/lerna/node_modules/execa/index.js:303:26)
43 error     at Function.execSync (/Users/pearllatteier/.nvm/versions/node/v9.3.0/lib/node_modules/lerna/lib/ChildProcessUtilities.js:59:30)
43 error     at Function.addFile (/Users/pearllatteier/.nvm/versions/node/v9.3.0/lib/node_modules/lerna/lib/GitUtilities.js:78:39)
43 error     at /Users/pearllatteier/.nvm/versions/node/v9.3.0/lib/node_modules/lerna/lib/commands/PublishCommand.js:709:41
43 error     at Array.forEach (<anonymous>)
43 error     at PublishCommand.updateUpdatedPackages (/Users/pearllatteier/.nvm/versions/node/v9.3.0/lib/node_modules/lerna/lib/commands/PublishCommand.js:708:22)
43 error     at PublishCommand.execute (/Users/pearllatteier/.nvm/versions/node/v9.3.0/lib/node_modules/lerna/lib/commands/PublishCommand.js:326:12)
